<?xml version="1.0" encoding="UTF-8" ?>
<testsuite errors="0" failures="0" hostname="Raki" name="SolutionsTest" skipped="0" tests="13" time="0.352" timestamp="2021-11-02T13:00:32">
  <properties>
    <property name="ant.library.dir" value="C:\apache-ant-1.10.12\lib" />
    <property name="ant.file.type" value="file" />
    <property name="java.specification.version" value="16" />
    <property name="ant.project.name" value="Teamba3.0" />
    <property name="sun.cpu.isalist" value="amd64" />
    <property name="build.test.path" value="C:\Users\HP\Documents\JAVA_Programs\TEAMBA_JUnit_Ant\Teamba3.0(rev10)\lib\junit\test" />
    <property name="sun.jnu.encoding" value="Cp1252" />
    <property name="java.class.path" value="C:\apache-ant-1.10.12\lib\ant-launcher.jar;C:\apache-ant-1.10.12\lib\ant-antlr.jar;C:\apache-ant-1.10.12\lib\ant-apache-bcel.jar;C:\apache-ant-1.10.12\lib\ant-apache-bsf.jar;C:\apache-ant-1.10.12\lib\ant-apache-log4j.jar;C:\apache-ant-1.10.12\lib\ant-apache-oro.jar;C:\apache-ant-1.10.12\lib\ant-apache-regexp.jar;C:\apache-ant-1.10.12\lib\ant-apache-resolver.jar;C:\apache-ant-1.10.12\lib\ant-apache-xalan2.jar;C:\apache-ant-1.10.12\lib\ant-commons-logging.jar;C:\apache-ant-1.10.12\lib\ant-commons-net.jar;C:\apache-ant-1.10.12\lib\ant-imageio.jar;C:\apache-ant-1.10.12\lib\ant-jai.jar;C:\apache-ant-1.10.12\lib\ant-javamail.jar;C:\apache-ant-1.10.12\lib\ant-jdepend.jar;C:\apache-ant-1.10.12\lib\ant-jmf.jar;C:\apache-ant-1.10.12\lib\ant-jsch.jar;C:\apache-ant-1.10.12\lib\ant-junit.jar;C:\apache-ant-1.10.12\lib\ant-junit4.jar;C:\apache-ant-1.10.12\lib\ant-junitlauncher.jar;C:\apache-ant-1.10.12\lib\ant-launcher.jar;C:\apache-ant-1.10.12\lib\ant-netrexx.jar;C:\apache-ant-1.10.12\lib\ant-swing.jar;C:\apache-ant-1.10.12\lib\ant-testutil.jar;C:\apache-ant-1.10.12\lib\ant-xz.jar;C:\apache-ant-1.10.12\lib\ant.jar" />
    <property name="project.name" value="Teamba3.0" />
    <property name="java.vm.vendor" value="Oracle Corporation" />
    <property name="jar.dir" value="build/jar" />
    <property name="sun.arch.data.model" value="64" />
    <property name="user.variant" value="" />
    <property name="java.vendor.url" value="https://java.oracle.com/" />
    <property name="junit-xml-dir" value="lib/junit/junitreports" />
    <property name="os.name" value="Windows 10" />
    <property name="java.vm.specification.version" value="16" />
    <property name="ant.file.type.Teamba3.0" value="file" />
    <property name="sun.java.launcher" value="SUN_STANDARD" />
    <property name="user.country" value="PH" />
    <property name="sun.boot.library.path" value="C:\Program Files\Java\jdk-16.0.1\bin" />
    <property name="sun.java.command" value="org.apache.tools.ant.launch.Launcher test-junit" />
    <property name="jdk.debug" value="release" />
    <property name="sun.cpu.endian" value="little" />
    <property name="user.home" value="C:\Users\HP" />
    <property name="user.language" value="en" />
    <property name="sun.stderr.encoding" value="cp437" />
    <property name="java.specification.vendor" value="Oracle Corporation" />
    <property name="java.version.date" value="2021-04-20" />
    <property name="java.home" value="C:\Program Files\Java\jdk-16.0.1" />
    <property name="basedir" value="C:\Users\HP\Documents\JAVA_Programs\TEAMBA_JUnit_Ant\Teamba3.0(rev10)" />
    <property name="file.separator" value="\" />
    <property name="java.vm.compressedOopsMode" value="32-bit" />
    <property name="line.separator" value="&#xd;&#xa;" />
    <property name="sun.stdout.encoding" value="cp437" />
    <property name="ant.java.version" value="16" />
    <property name="java.specification.name" value="Java Platform API Specification" />
    <property name="java.vm.specification.vendor" value="Oracle Corporation" />
    <property name="doc.dir" value="doc" />
    <property name="user.script" value="" />
    <property name="sun.management.compiler" value="HotSpot 64-Bit Tiered Compilers" />
    <property name="java.runtime.version" value="16.0.1+9-24" />
    <property name="user.name" value="HP" />
    <property name="classesB.dir" value="classes" />
    <property name="ant.file" value="C:\Users\HP\Documents\JAVA_Programs\TEAMBA_JUnit_Ant\Teamba3.0(rev10)\build.xml" />
    <property name="path.separator" value=";" />
    <property name="result.report.dir" value="target/site/jacoco" />
    <property name="os.version" value="10.0" />
    <property name="java.runtime.name" value="Java(TM) SE Runtime Environment" />
    <property name="file.encoding" value="Cp1252" />
    <property name="ant.project.invoked-targets" value="test-junit" />
    <property name="java.vm.name" value="Java HotSpot(TM) 64-Bit Server VM" />
    <property name="hamcrest.file" value="lib/junit/jar/hamcrest-core-1.3.jar" />
    <property name="build.dir" value="build" />
    <property name="ant.core.lib" value="C:\apache-ant-1.10.12\lib\ant.jar" />
    <property name="java.vendor.url.bug" value="https://bugreport.java.com/bugreport/" />
    <property name="java.io.tmpdir" value="C:\Users\HP\AppData\Local\Temp\" />
    <property name="result.dir" value="target" />
    <property name="java.version" value="16.0.1" />
    <property name="user.dir" value="C:\Users\HP\Documents\JAVA_Programs\TEAMBA_JUnit_Ant\Teamba3.0(rev10)" />
    <property name="os.arch" value="amd64" />
    <property name="java.vm.specification.name" value="Java Virtual Machine Specification" />
    <property name="ant.home" value="C:\apache-ant-1.10.12" />
    <property name="sun.os.patch.level" value="" />
    <property name="result.exec.file" value="target/jacoco.exec" />
    <property name="ant.version" value="Apache Ant(TM) version 1.10.12 compiled on October 13 2021" />
    <property name="ant.file.Teamba3.0" value="C:\Users\HP\Documents\JAVA_Programs\TEAMBA_JUnit_Ant\Teamba3.0(rev10)\build.xml" />
    <property name="java.library.path" value="C:\Program Files\Java\jdk-16.0.1\bin;C:\WINDOWS\Sun\Java\bin;C:\WINDOWS\system32;C:\WINDOWS;C:\Program Files\Eclipse Adoptium\jdk-17.0.1.12-hotspot\bin;C:\Program Files (x86)\Zulu\zulu-8\bin\;C:\Program Files\Common Files\Oracle\Java\javapath;C:\WINDOWS\system32;C:\WINDOWS;C:\WINDOWS\System32\Wbem;C:\WINDOWS\System32\WindowsPowerShell\v1.0\;C:\WINDOWS\System32\OpenSSH\;C:\Library\Developer\Toolchains\unknown-Asserts-development.xctoolchain\usr\bin;C:\Library\Swift-development\bin;C:\Library\icu-67\usr\bin;C:\Program Files\Git\cmd;C:\apache-ant-1.10.12\bin;C:\Users\HP\AppData\Local\Microsoft\WindowsApps;C:\Users\HP\AppData\Local\Programs\Microsoft VS Code\bin;C:\Users\HP\AppData\Local\Programs\Fiddler;C:\Program Files (x86)\Zulu\zulu-8;C:\Library\Developer\Platforms\Windows.platform\Developer\Library\XCTest-development\usr\bin;;." />
    <property name="java.vendor" value="Oracle Corporation" />
    <property name="java.vm.info" value="mixed mode, sharing" />
    <property name="test.path" value="C:\Users\HP\Documents\JAVA_Programs\TEAMBA_JUnit_Ant\Teamba3.0(rev10)\src" />
    <property name="junit.file" value="lib/junit/jar/junit.jar" />
    <property name="java.vm.version" value="16.0.1+9-24" />
    <property name="classes.dir" value="build/classes" />
    <property name="report-dir" value="lib/junit/html-report" />
    <property name="sun.io.unicode.encoding" value="UnicodeLittle" />
    <property name="docs.dir" value="docs" />
    <property name="java.class.version" value="60.0" />
    <property name="src.dir" value="src" />
    <property name="ant.project.default-target" value="main" />
  </properties>
  <testcase classname="SolutionsTest" name="dislikeOfThrees" time="0.035" />
  <testcase classname="SolutionsTest" name="helpFarAwayKingdom" time="0.02" />
  <testcase classname="SolutionsTest" name="splits" time="0.003" />
  <testcase classname="SolutionsTest" name="luckyTicket" time="0.003" />
  <testcase classname="SolutionsTest" name="elections" time="0.077" />
  <testcase classname="SolutionsTest" name="aNewPassword" time="0.016" />
  <testcase classname="SolutionsTest" name="theMiracleAndTheSleeper" time="0.002" />
  <testcase classname="SolutionsTest" name="theSumOf2050" time="0.001" />
  <testcase classname="SolutionsTest" name="main" time="0.0" />
  <testcase classname="SolutionsTest" name="passwordCheck" time="0.004" />
  <testcase classname="SolutionsTest" name="spyDetected" time="0.007" />
  <testcase classname="SolutionsTest" name="boyOrGirl" time="0.004" />
  <testcase classname="SolutionsTest" name="watermelon" time="0.003" />
  <system-out><![CDATA[Dislike Of Threes Method
1
Dislike Of Threes Method
2
Dislike Of Threes Method
4
Dislike Of Threes Method
5
Dislike Of Threes Method
7
Dislike Of Threes Method
8
Dislike Of Threes Method
10
Dislike Of Threes Method
11
Dislike Of Threes Method
14
Dislike Of Threes Method
1666
Help Far Away Kingdom Method
0
Help Far Away Kingdom Method
1
Help Far Away Kingdom Method
3
Help Far Away Kingdom Method
3
Help Far Away Kingdom Method
12345678
Help Far Away Kingdom Method
GOTO Vasilisa.
Splits Method
4
Splits Method
2
Splits Method
5
Splits Method
5
Splits Method
79
Lucky Ticket Method
NO
Lucky Ticket Method
NO
Lucky Ticket Method
NO
Lucky Ticket Method
YES
Lucky Ticket Method
YES
Elections Method
1 1 1
66 0 61
5 5 0
0 1001 1001
1000000001 0 1000000001
Elections Method
0 23 40
34 0 50
655 633 0
11 5 0
Elections Method
33 0 30
57 52 0
12 0 21
A New Password Method
abab
A New Password Method
abcde
A New Password Method
abcabc
A New Password Method
aa
A New Password Method
abcdabc
The Miracle and The Sleeper Method
0
1
12
499999999
The Miracle and The Sleeper Method
1
37737936
5
The Miracle and The Sleeper Method
3
43
12
499999999
44
The Miracle and The Sleeper Method
16
46
The Sum Of 2050 Method
-1
1
2
1
2
36
The Sum Of 2050 Method
-1
-1
The Sum Of 2050 Method
3
Password Check Method
Password check: 
Too weak
Password Check Method
Password check: 
Too weak
Password Check Method
Password check: 
Too weak
Password Check Method
Password check: 
Correct
Password Check Method
Password check: 
Correct
Spy Detected Method
2
1
5
3
Spy Detected Method
3
5
Spy Detected Method
3
1
Spy Detected Method
5
4
2
Boy Or Girl Method
IGNORE HIM!
Boy Or Girl Method
CHAT WITH HER!
Boy Or Girl Method
CHAT WITH HER!
Watermelon Method
NO
Watermelon Method
YES
Watermelon Method
NO
Watermelon Method
YES
Watermelon Method
NO
Watermelon Method
YES
Watermelon Method
NO
]]></system-out>
  <system-err><![CDATA[]]></system-err>
</testsuite>
