<?xml version="1.0" encoding="UTF-8" ?>
<testsuite errors="1" failures="0" hostname="Raki" name="com.main.test.SolutionsTest" skipped="0" tests="1" time="0.0" timestamp="2021-11-01T15:04:22">
  <properties>
    <property name="ant.library.dir" value="C:\apache-ant-1.10.12\lib" />
    <property name="ant.file.type" value="file" />
    <property name="java.specification.version" value="16" />
    <property name="ant.project.name" value="Teamba3.0" />
    <property name="sun.cpu.isalist" value="amd64" />
    <property name="sun.jnu.encoding" value="Cp1252" />
    <property name="java.class.path" value="C:\apache-ant-1.10.12\lib\ant-launcher.jar;C:\apache-ant-1.10.12\lib\ant-antlr.jar;C:\apache-ant-1.10.12\lib\ant-apache-bcel.jar;C:\apache-ant-1.10.12\lib\ant-apache-bsf.jar;C:\apache-ant-1.10.12\lib\ant-apache-log4j.jar;C:\apache-ant-1.10.12\lib\ant-apache-oro.jar;C:\apache-ant-1.10.12\lib\ant-apache-regexp.jar;C:\apache-ant-1.10.12\lib\ant-apache-resolver.jar;C:\apache-ant-1.10.12\lib\ant-apache-xalan2.jar;C:\apache-ant-1.10.12\lib\ant-commons-logging.jar;C:\apache-ant-1.10.12\lib\ant-commons-net.jar;C:\apache-ant-1.10.12\lib\ant-imageio.jar;C:\apache-ant-1.10.12\lib\ant-jai.jar;C:\apache-ant-1.10.12\lib\ant-javamail.jar;C:\apache-ant-1.10.12\lib\ant-jdepend.jar;C:\apache-ant-1.10.12\lib\ant-jmf.jar;C:\apache-ant-1.10.12\lib\ant-jsch.jar;C:\apache-ant-1.10.12\lib\ant-junit.jar;C:\apache-ant-1.10.12\lib\ant-junit4.jar;C:\apache-ant-1.10.12\lib\ant-junitlauncher.jar;C:\apache-ant-1.10.12\lib\ant-launcher.jar;C:\apache-ant-1.10.12\lib\ant-netrexx.jar;C:\apache-ant-1.10.12\lib\ant-swing.jar;C:\apache-ant-1.10.12\lib\ant-testutil.jar;C:\apache-ant-1.10.12\lib\ant-xz.jar;C:\apache-ant-1.10.12\lib\ant.jar" />
    <property name="project.name" value="Teamba3.0" />
    <property name="java.vm.vendor" value="Oracle Corporation" />
    <property name="sun.arch.data.model" value="64" />
    <property name="user.variant" value="" />
    <property name="java.vendor.url" value="https://java.oracle.com/" />
    <property name="os.name" value="Windows 10" />
    <property name="java.vm.specification.version" value="16" />
    <property name="ant.file.type.Teamba3.0" value="file" />
    <property name="sun.java.launcher" value="SUN_STANDARD" />
    <property name="user.country" value="PH" />
    <property name="sun.boot.library.path" value="C:\Program Files\Java\jdk-16.0.1\bin" />
    <property name="sun.java.command" value="org.apache.tools.ant.launch.Launcher jacoco-jar" />
    <property name="jdk.debug" value="release" />
    <property name="sun.cpu.endian" value="little" />
    <property name="user.home" value="C:\Users\HP" />
    <property name="user.language" value="en" />
    <property name="sun.stderr.encoding" value="cp437" />
    <property name="java.specification.vendor" value="Oracle Corporation" />
    <property name="_jacoco.agentFile" value="C:\Users\HP\AppData\Local\Temp\jacocoagent11551484708181061749.jar" />
    <property name="java.version.date" value="2021-04-20" />
    <property name="java.home" value="C:\Program Files\Java\jdk-16.0.1" />
    <property name="basedir" value="C:\Users\HP\Documents\JAVA_Programs\TEAMBA_JUnit_Ant\Teamba3.0" />
    <property name="file.separator" value="\" />
    <property name="java.vm.compressedOopsMode" value="32-bit" />
    <property name="line.separator" value="&#xd;&#xa;" />
    <property name="sun.stdout.encoding" value="cp437" />
    <property name="ant.java.version" value="16" />
    <property name="java.specification.name" value="Java Platform API Specification" />
    <property name="java.vm.specification.vendor" value="Oracle Corporation" />
    <property name="user.script" value="" />
    <property name="sun.management.compiler" value="HotSpot 64-Bit Tiered Compilers" />
    <property name="java.runtime.version" value="16.0.1+9-24" />
    <property name="user.name" value="HP" />
    <property name="ant.file" value="C:\Users\HP\Documents\JAVA_Programs\TEAMBA_JUnit_Ant\Teamba3.0\build.xml" />
    <property name="path.separator" value=";" />
    <property name="result.report.dir" value="./target/site/jacoco" />
    <property name="os.version" value="10.0" />
    <property name="java.runtime.name" value="Java(TM) SE Runtime Environment" />
    <property name="file.encoding" value="Cp1252" />
    <property name="ant.project.invoked-targets" value="jacoco-jar" />
    <property name="java.vm.name" value="Java HotSpot(TM) 64-Bit Server VM" />
    <property name="ant.core.lib" value="C:\apache-ant-1.10.12\lib\ant.jar" />
    <property name="java.vendor.url.bug" value="https://bugreport.java.com/bugreport/" />
    <property name="java.io.tmpdir" value="C:\Users\HP\AppData\Local\Temp\" />
    <property name="result.dir" value="./target" />
    <property name="java.version" value="16.0.1" />
    <property name="user.dir" value="C:\Users\HP\Documents\JAVA_Programs\TEAMBA_JUnit_Ant\Teamba3.0" />
    <property name="os.arch" value="amd64" />
    <property name="java.vm.specification.name" value="Java Virtual Machine Specification" />
    <property name="ant.home" value="C:\apache-ant-1.10.12" />
    <property name="sun.os.patch.level" value="" />
    <property name="result.exec.file" value="./target/jacoco.exec" />
    <property name="ant.version" value="Apache Ant(TM) version 1.10.12 compiled on October 13 2021" />
    <property name="java.library.path" value="C:\Program Files\Java\jdk-16.0.1\bin;C:\WINDOWS\Sun\Java\bin;C:\WINDOWS\system32;C:\WINDOWS;C:\Program Files\Eclipse Adoptium\jdk-17.0.1.12-hotspot\bin;C:\Program Files (x86)\Zulu\zulu-8\bin\;C:\Program Files\Common Files\Oracle\Java\javapath;C:\WINDOWS\system32;C:\WINDOWS;C:\WINDOWS\System32\Wbem;C:\WINDOWS\System32\WindowsPowerShell\v1.0\;C:\WINDOWS\System32\OpenSSH\;C:\Library\Developer\Toolchains\unknown-Asserts-development.xctoolchain\usr\bin;C:\Library\Swift-development\bin;C:\Library\icu-67\usr\bin;C:\Program Files\Git\cmd;C:\apache-ant-1.10.12\bin;C:\Users\HP\AppData\Local\Microsoft\WindowsApps;C:\Users\HP\AppData\Local\Programs\Microsoft VS Code\bin;C:\Users\HP\AppData\Local\Programs\Fiddler;C:\Program Files (x86)\Zulu\zulu-8;C:\Library\Developer\Platforms\Windows.platform\Developer\Library\XCTest-development\usr\bin;;." />
    <property name="ant.file.Teamba3.0" value="C:\Users\HP\Documents\JAVA_Programs\TEAMBA_JUnit_Ant\Teamba3.0\build.xml" />
    <property name="java.vendor" value="Oracle Corporation" />
    <property name="java.vm.info" value="mixed mode, sharing" />
    <property name="java.vm.version" value="16.0.1+9-24" />
    <property name="classes.dir" value="classes" />
    <property name="sun.io.unicode.encoding" value="UnicodeLittle" />
    <property name="java.class.version" value="60.0" />
    <property name="src.dir" value="src" />
    <property name="ant.project.default-target" value="jacoco-jar" />
  </properties>
  <testcase classname="com.main.test.SolutionsTest" name="BeforeFirstTest" time="0.001">
    <error message="Forked Java VM exited abnormally. Please note the time in the report does not reflect the time until the VM exit." type="junit.framework.AssertionFailedError">junit.framework.AssertionFailedError: Forked Java VM exited abnormally. Please note the time in the report does not reflect the time until the VM exit.
	at org.jacoco.ant.CoverageTask.execute(CoverageTask.java:102)
	at java.base/jdk.internal.reflect.NativeMethodAccessorImpl.invoke0(Native Method)
	at java.base/jdk.internal.reflect.NativeMethodAccessorImpl.invoke(NativeMethodAccessorImpl.java:78)
	at java.base/jdk.internal.reflect.DelegatingMethodAccessorImpl.invoke(DelegatingMethodAccessorImpl.java:43)
</error>
  </testcase>
</testsuite>
